[debug] [2020-07-26T19:32:54.983Z] ----------------------------------------------------------------------
[debug] [2020-07-26T19:32:54.985Z] Command:       C:\Program Files\nodejs\node.exe C:\Development\team-generator-v2\node_modules\firebase-tools\lib\bin\firebase.js init
[debug] [2020-07-26T19:32:54.985Z] CLI Version:   7.16.2
[debug] [2020-07-26T19:32:54.985Z] Platform:      win32
[debug] [2020-07-26T19:32:54.985Z] Node Version:  v12.13.1
[debug] [2020-07-26T19:32:54.986Z] Time:          Sun Jul 26 2020 21:32:54 GMT+0200 (GMT+02:00)
[debug] [2020-07-26T19:32:54.986Z] ----------------------------------------------------------------------
[debug] [2020-07-26T19:32:54.986Z] 
[debug] [2020-07-26T19:32:54.993Z] > command requires scopes: ["email","openid","https://www.googleapis.com/auth/cloudplatformprojects.readonly","https://www.googleapis.com/auth/firebase","https://www.googleapis.com/auth/cloud-platform"]
[debug] [2020-07-26T19:32:54.993Z] > authorizing via signed-in user
[info] 
     ######## #### ########  ######## ########     ###     ######  ########
     ##        ##  ##     ## ##       ##     ##  ##   ##  ##       ##
     ######    ##  ########  ######   ########  #########  ######  ######
     ##        ##  ##    ##  ##       ##     ## ##     ##       ## ##
     ##       #### ##     ## ######## ########  ##     ##  ######  ########

You're about to initialize a Firebase project in this directory:

  C:\Development\team-generator-v2

Before we get started, keep in mind:

  * You are currently outside your home directory
  * You are initializing in an existing Firebase project directory

[info] 
=== Project Setup
[info] 
[info] First, let's associate this project directory with a Firebase project.
[info] You can create multiple project aliases by running firebase use --add, 
[info] but for now we'll just set up a default project.
[info] 
[debug] [2020-07-26T19:33:03.675Z] >>> HTTP REQUEST GET https://firebase.googleapis.com/v1beta1/projects/team-generator-v2  
 
[debug] [2020-07-26T19:33:03.881Z] <<< HTTP RESPONSE 200
[info] i  Using project team-generator-v2 (Team generator v2)
[info] 
=== Hosting Setup
[info] 
[info] Your public directory is the folder (relative to your project directory) that
[info] will contain Hosting assets to be uploaded with firebase deploy. If you
[info] have a build process for your assets, use your build's output directory.
[info] 
[debug] [2020-07-26T19:33:16.940Z] >>> HTTP REQUEST GET https://www.gstatic.com/firebasejs/releases.json  
 
[debug] [2020-07-26T19:33:17.028Z] Error: self signed certificate in certificate chain
    at TLSSocket.onConnectSecure (_tls_wrap.js:1321:34)
    at TLSSocket.emit (events.js:210:5)
    at TLSSocket.EventEmitter.emit (domain.js:475:20)
    at TLSSocket._finishInit (_tls_wrap.js:794:8)
    at TLSWrap.ssl.onhandshakedone (_tls_wrap.js:608:12)
[error] 
[error] Error: Server Error. self signed certificate in certificate chain
[debug] [2020-07-26T19:33:27.489Z] ----------------------------------------------------------------------
[debug] [2020-07-26T19:33:27.491Z] Command:       C:\Program Files\nodejs\node.exe C:\Development\team-generator-v2\node_modules\firebase-tools\lib\bin\firebase.js init
[debug] [2020-07-26T19:33:27.491Z] CLI Version:   7.16.2
[debug] [2020-07-26T19:33:27.491Z] Platform:      win32
[debug] [2020-07-26T19:33:27.491Z] Node Version:  v12.13.1
[debug] [2020-07-26T19:33:27.492Z] Time:          Sun Jul 26 2020 21:33:27 GMT+0200 (GMT+02:00)
[debug] [2020-07-26T19:33:27.492Z] ----------------------------------------------------------------------
[debug] [2020-07-26T19:33:27.492Z] 
[debug] [2020-07-26T19:33:27.500Z] > command requires scopes: ["email","openid","https://www.googleapis.com/auth/cloudplatformprojects.readonly","https://www.googleapis.com/auth/firebase","https://www.googleapis.com/auth/cloud-platform"]
[debug] [2020-07-26T19:33:27.501Z] > authorizing via signed-in user
[info] 
     ######## #### ########  ######## ########     ###     ######  ########
     ##        ##  ##     ## ##       ##     ##  ##   ##  ##       ##
     ######    ##  ########  ######   ########  #########  ######  ######
     ##        ##  ##    ##  ##       ##     ## ##     ##       ## ##
     ##       #### ##     ## ######## ########  ##     ##  ######  ########

You're about to initialize a Firebase project in this directory:

  C:\Development\team-generator-v2

Before we get started, keep in mind:

  * You are currently outside your home directory
  * You are initializing in an existing Firebase project directory

[info] 
=== Project Setup
[info] 
[info] First, let's associate this project directory with a Firebase project.
[info] You can create multiple project aliases by running firebase use --add, 
[info] but for now we'll just set up a default project.
[info] 
[debug] [2020-07-26T19:33:32.976Z] >>> HTTP REQUEST GET https://firebase.googleapis.com/v1beta1/projects/team-generator-v2  
 
[debug] [2020-07-26T19:33:33.178Z] <<< HTTP RESPONSE 200
[info] i  Using project team-generator-v2 (Team generator v2)
[info] 
=== Hosting Setup
[info] 
[info] Your public directory is the folder (relative to your project directory) that
[info] will contain Hosting assets to be uploaded with firebase deploy. If you
[info] have a build process for your assets, use your build's output directory.
[info] 
[debug] [2020-07-26T19:33:45.316Z] >>> HTTP REQUEST GET https://www.gstatic.com/firebasejs/releases.json  
 
[debug] [2020-07-26T19:33:45.395Z] Error: self signed certificate in certificate chain
    at TLSSocket.onConnectSecure (_tls_wrap.js:1321:34)
    at TLSSocket.emit (events.js:210:5)
    at TLSSocket.EventEmitter.emit (domain.js:475:20)
    at TLSSocket._finishInit (_tls_wrap.js:794:8)
    at TLSWrap.ssl.onhandshakedone (_tls_wrap.js:608:12)
[error] 
[error] Error: Server Error. self signed certificate in certificate chain
[debug] [2020-07-26T19:33:50.807Z] ----------------------------------------------------------------------
[debug] [2020-07-26T19:33:50.808Z] Command:       C:\Program Files\nodejs\node.exe C:\Development\team-generator-v2\node_modules\firebase-tools\lib\bin\firebase.js init
[debug] [2020-07-26T19:33:50.808Z] CLI Version:   7.16.2
[debug] [2020-07-26T19:33:50.809Z] Platform:      win32
[debug] [2020-07-26T19:33:50.809Z] Node Version:  v12.13.1
[debug] [2020-07-26T19:33:50.809Z] Time:          Sun Jul 26 2020 21:33:50 GMT+0200 (GMT+02:00)
[debug] [2020-07-26T19:33:50.809Z] ----------------------------------------------------------------------
[debug] [2020-07-26T19:33:50.809Z] 
[debug] [2020-07-26T19:33:50.816Z] > command requires scopes: ["email","openid","https://www.googleapis.com/auth/cloudplatformprojects.readonly","https://www.googleapis.com/auth/firebase","https://www.googleapis.com/auth/cloud-platform"]
[debug] [2020-07-26T19:33:50.816Z] > authorizing via signed-in user
[info] 
     ######## #### ########  ######## ########     ###     ######  ########
     ##        ##  ##     ## ##       ##     ##  ##   ##  ##       ##
     ######    ##  ########  ######   ########  #########  ######  ######
     ##        ##  ##    ##  ##       ##     ## ##     ##       ## ##
     ##       #### ##     ## ######## ########  ##     ##  ######  ########

You're about to initialize a Firebase project in this directory:

  C:\Development\team-generator-v2

Before we get started, keep in mind:

  * You are currently outside your home directory
  * You are initializing in an existing Firebase project directory

[info] 
=== Project Setup
[info] 
[info] First, let's associate this project directory with a Firebase project.
[info] You can create multiple project aliases by running firebase use --add, 
[info] but for now we'll just set up a default project.
[info] 
[debug] [2020-07-26T19:33:53.430Z] >>> HTTP REQUEST GET https://firebase.googleapis.com/v1beta1/projects/team-generator-v2  
 
[debug] [2020-07-26T19:33:53.688Z] <<< HTTP RESPONSE 200
[info] i  Using project team-generator-v2 (Team generator v2)
[info] 
=== Hosting Setup
[info] 
[info] Your public directory is the folder (relative to your project directory) that
[info] will contain Hosting assets to be uploaded with firebase deploy. If you
[info] have a build process for your assets, use your build's output directory.
[info] 
[info] +  Wrote public/404.html
[debug] [2020-07-26T19:33:56.636Z] >>> HTTP REQUEST GET https://www.gstatic.com/firebasejs/releases.json  
 
[debug] [2020-07-26T19:33:56.716Z] Error: self signed certificate in certificate chain
    at TLSSocket.onConnectSecure (_tls_wrap.js:1321:34)
    at TLSSocket.emit (events.js:210:5)
    at TLSSocket.EventEmitter.emit (domain.js:475:20)
    at TLSSocket._finishInit (_tls_wrap.js:794:8)
    at TLSWrap.ssl.onhandshakedone (_tls_wrap.js:608:12)
[error] 
[error] Error: Server Error. self signed certificate in certificate chain
